{"C:\\my_blog_site\\app\\layout.tsx": {"path":"C:\\my_blog_site\\app\\layout.tsx","statementMap":{"0":{"start":{"line":16,"column":24},"end":{"line":16,"column":35}},"1":{"start":{"line":11,"column":13},"end":{"line":11,"column":34}},"2":{"start":{"line":2,"column":27},"end":{"line":2,"column":null}},"3":{"start":{"line":3,"column":7},"end":{"line":3,"column":null}},"4":{"start":{"line":5,"column":19},"end":{"line":9,"column":null}},"5":{"start":{"line":11,"column":34},"end":{"line":14,"column":null}}},"fnMap":{"0":{"name":"RootLayout","decl":{"start":{"line":16,"column":24},"end":{"line":16,"column":35}},"loc":{"start":{"line":20,"column":2},"end":{"line":28,"column":null}}}},"branchMap":{},"s":{"0":0,"1":0,"2":0,"3":0,"4":0,"5":0},"f":{"0":0},"b":{}}
,"C:\\my_blog_site\\app\\page.tsx": {"path":"C:\\my_blog_site\\app\\page.tsx","statementMap":{"0":{"start":{"line":8,"column":24},"end":{"line":8,"column":null}},"1":{"start":{"line":2,"column":28},"end":{"line":2,"column":null}},"2":{"start":{"line":3,"column":28},"end":{"line":3,"column":null}},"3":{"start":{"line":4,"column":31},"end":{"line":4,"column":null}},"4":{"start":{"line":5,"column":29},"end":{"line":5,"column":null}},"5":{"start":{"line":6,"column":18},"end":{"line":6,"column":null}}},"fnMap":{"0":{"name":"Page","decl":{"start":{"line":8,"column":24},"end":{"line":8,"column":null}},"loc":{"start":{"line":8,"column":24},"end":{"line":25,"column":null}}}},"branchMap":{},"s":{"0":0,"1":0,"2":0,"3":0,"4":0,"5":0},"f":{"0":0},"b":{}}
,"C:\\my_blog_site\\app\\article\\[article_id]\\article_footer.tsx": {"path":"C:\\my_blog_site\\app\\article\\[article_id]\\article_footer.tsx","statementMap":{"0":{"start":{"line":26,"column":0},"end":{"line":26,"column":15}},"1":{"start":{"line":1,"column":17},"end":{"line":1,"column":null}},"2":{"start":{"line":2,"column":18},"end":{"line":2,"column":null}},"3":{"start":{"line":4,"column":22},"end":{"line":24,"column":null}},"4":{"start":{"line":26,"column":15},"end":{"line":26,"column":null}}},"fnMap":{"0":{"name":"(anonymous_2)","decl":{"start":{"line":4,"column":22},"end":{"line":4,"column":29}},"loc":{"start":{"line":4,"column":71},"end":{"line":24,"column":null}}}},"branchMap":{},"s":{"0":0,"1":0,"2":0,"3":0,"4":0},"f":{"0":0},"b":{}}
,"C:\\my_blog_site\\app\\article\\[article_id]\\article_format.tsx": {"path":"C:\\my_blog_site\\app\\article\\[article_id]\\article_format.tsx","statementMap":{"0":{"start":{"line":65,"column":0},"end":{"line":65,"column":15}},"1":{"start":{"line":1,"column":18},"end":{"line":1,"column":null}},"2":{"start":{"line":11,"column":23},"end":{"line":63,"column":null}},"3":{"start":{"line":45,"column":10},"end":{"line":46,"column":null}},"4":{"start":{"line":65,"column":15},"end":{"line":65,"column":null}}},"fnMap":{"0":{"name":"(anonymous_2)","decl":{"start":{"line":11,"column":23},"end":{"line":11,"column":30}},"loc":{"start":{"line":17,"column":22},"end":{"line":63,"column":null}}},"1":{"name":"(anonymous_3)","decl":{"start":{"line":44,"column":21},"end":{"line":44,"column":22}},"loc":{"start":{"line":45,"column":10},"end":{"line":46,"column":null}}}},"branchMap":{"0":{"loc":{"start":{"line":48,"column":14},"end":{"line":52,"column":null}},"type":"cond-expr","locations":[{"start":{"line":49,"column":18},"end":{"line":49,"column":null}},{"start":{"line":50,"column":18},"end":{"line":52,"column":null}}]},"1":{"loc":{"start":{"line":50,"column":18},"end":{"line":52,"column":null}},"type":"cond-expr","locations":[{"start":{"line":51,"column":18},"end":{"line":51,"column":null}},{"start":{"line":52,"column":18},"end":{"line":52,"column":null}}]},"2":{"loc":{"start":{"line":54,"column":14},"end":{"line":54,"column":null}},"type":"cond-expr","locations":[{"start":{"line":54,"column":33},"end":{"line":54,"column":41}},{"start":{"line":54,"column":41},"end":{"line":54,"column":null}}]}},"s":{"0":0,"1":0,"2":0,"3":0,"4":0},"f":{"0":0,"1":0},"b":{"0":[0,0],"1":[0,0],"2":[0,0]}}
,"C:\\my_blog_site\\app\\article\\[article_id]\\article_nav.tsx": {"path":"C:\\my_blog_site\\app\\article\\[article_id]\\article_nav.tsx","statementMap":{"0":{"start":{"line":29,"column":0},"end":{"line":29,"column":15}},"1":{"start":{"line":1,"column":17},"end":{"line":1,"column":null}},"2":{"start":{"line":2,"column":18},"end":{"line":2,"column":null}},"3":{"start":{"line":4,"column":19},"end":{"line":27,"column":null}},"4":{"start":{"line":29,"column":15},"end":{"line":29,"column":null}}},"fnMap":{"0":{"name":"(anonymous_2)","decl":{"start":{"line":4,"column":19},"end":{"line":4,"column":null}},"loc":{"start":{"line":4,"column":19},"end":{"line":27,"column":null}}}},"branchMap":{},"s":{"0":0,"1":0,"2":0,"3":0,"4":0},"f":{"0":0},"b":{}}
,"C:\\my_blog_site\\app\\article\\[article_id]\\articlepage_footer.tsx": {"path":"C:\\my_blog_site\\app\\article\\[article_id]\\articlepage_footer.tsx","statementMap":{"0":{"start":{"line":19,"column":0},"end":{"line":19,"column":15}},"1":{"start":{"line":1,"column":27},"end":{"line":17,"column":null}},"2":{"start":{"line":19,"column":15},"end":{"line":19,"column":null}}},"fnMap":{"0":{"name":"(anonymous_1)","decl":{"start":{"line":1,"column":27},"end":{"line":1,"column":null}},"loc":{"start":{"line":1,"column":27},"end":{"line":17,"column":null}}}},"branchMap":{},"s":{"0":0,"1":0,"2":0},"f":{"0":0},"b":{}}
,"C:\\my_blog_site\\app\\article\\[article_id]\\page.tsx": {"path":"C:\\my_blog_site\\app\\article\\[article_id]\\page.tsx","statementMap":{"0":{"start":{"line":112,"column":0},"end":{"line":112,"column":15}},"1":{"start":{"line":2,"column":18},"end":{"line":2,"column":null}},"2":{"start":{"line":3,"column":31},"end":{"line":3,"column":null}},"3":{"start":{"line":4,"column":29},"end":{"line":4,"column":null}},"4":{"start":{"line":5,"column":23},"end":{"line":5,"column":null}},"5":{"start":{"line":7,"column":31},"end":{"line":7,"column":null}},"6":{"start":{"line":8,"column":26},"end":{"line":8,"column":null}},"7":{"start":{"line":9,"column":27},"end":{"line":9,"column":null}},"8":{"start":{"line":10,"column":18},"end":{"line":10,"column":null}},"9":{"start":{"line":12,"column":13},"end":{"line":110,"column":null}},"10":{"start":{"line":14,"column":27},"end":{"line":14,"column":null}},"11":{"start":{"line":17,"column":27},"end":{"line":71,"column":null}},"12":{"start":{"line":24,"column":13},"end":{"line":62,"column":null}},"13":{"start":{"line":64,"column":8},"end":{"line":70,"column":null}},"14":{"start":{"line":73,"column":20},"end":{"line":73,"column":null}},"15":{"start":{"line":112,"column":15},"end":{"line":112,"column":null}}},"fnMap":{"0":{"name":"(anonymous_2)","decl":{"start":{"line":12,"column":13},"end":{"line":12,"column":20}},"loc":{"start":{"line":12,"column":75},"end":{"line":110,"column":null}}},"1":{"name":"(anonymous_3)","decl":{"start":{"line":17,"column":27},"end":{"line":17,"column":28}},"loc":{"start":{"line":17,"column":28},"end":{"line":71,"column":null}}}},"branchMap":{"0":{"loc":{"start":{"line":64,"column":15},"end":{"line":70,"column":null}},"type":"binary-expr","locations":[{"start":{"line":64,"column":15},"end":{"line":64,"column":35}},{"start":{"line":64,"column":39},"end":{"line":70,"column":null}}]}},"s":{"0":0,"1":0,"2":0,"3":0,"4":0,"5":0,"6":0,"7":0,"8":0,"9":0,"10":0,"11":0,"12":0,"13":0,"14":0,"15":0},"f":{"0":0,"1":0},"b":{"0":[0,0]}}
,"C:\\my_blog_site\\app\\components\\BlogPostsSection.tsx": {"path":"C:\\my_blog_site\\app\\components\\BlogPostsSection.tsx","statementMap":{"0":{"start":{"line":160,"column":0},"end":{"line":160,"column":15}},"1":{"start":{"line":1,"column":17},"end":{"line":1,"column":null}},"2":{"start":{"line":2,"column":18},"end":{"line":2,"column":null}},"3":{"start":{"line":4,"column":25},"end":{"line":158,"column":null}},"4":{"start":{"line":160,"column":15},"end":{"line":160,"column":null}}},"fnMap":{"0":{"name":"(anonymous_2)","decl":{"start":{"line":4,"column":25},"end":{"line":4,"column":null}},"loc":{"start":{"line":4,"column":25},"end":{"line":158,"column":null}}}},"branchMap":{},"s":{"0":15,"1":1,"2":1,"3":1,"4":1},"f":{"0":15},"b":{}}
,"C:\\my_blog_site\\app\\components\\Homepage_footer.tsx": {"path":"C:\\my_blog_site\\app\\components\\Homepage_footer.tsx","statementMap":{"0":{"start":{"line":19,"column":0},"end":{"line":19,"column":15}},"1":{"start":{"line":1,"column":15},"end":{"line":17,"column":null}},"2":{"start":{"line":19,"column":15},"end":{"line":19,"column":null}}},"fnMap":{"0":{"name":"(anonymous_1)","decl":{"start":{"line":1,"column":15},"end":{"line":1,"column":null}},"loc":{"start":{"line":1,"column":15},"end":{"line":17,"column":null}}}},"branchMap":{},"s":{"0":4,"1":1,"2":1},"f":{"0":4},"b":{}}
,"C:\\my_blog_site\\app\\components\\Homepage_header.tsx": {"path":"C:\\my_blog_site\\app\\components\\Homepage_header.tsx","statementMap":{"0":{"start":{"line":43,"column":0},"end":{"line":43,"column":15}},"1":{"start":{"line":2,"column":18},"end":{"line":2,"column":null}},"2":{"start":{"line":9,"column":24},"end":{"line":41,"column":null}},"3":{"start":{"line":10,"column":21},"end":{"line":10,"column":null}},"4":{"start":{"line":31,"column":12},"end":{"line":32,"column":null}},"5":{"start":{"line":43,"column":15},"end":{"line":43,"column":null}}},"fnMap":{"0":{"name":"(anonymous_2)","decl":{"start":{"line":9,"column":24},"end":{"line":9,"column":31}},"loc":{"start":{"line":9,"column":80},"end":{"line":41,"column":null}}},"1":{"name":"(anonymous_3)","decl":{"start":{"line":30,"column":30},"end":{"line":30,"column":31}},"loc":{"start":{"line":31,"column":12},"end":{"line":32,"column":null}}}},"branchMap":{"0":{"loc":{"start":{"line":10,"column":21},"end":{"line":10,"column":null}},"type":"cond-expr","locations":[{"start":{"line":10,"column":36},"end":{"line":10,"column":62}},{"start":{"line":10,"column":65},"end":{"line":10,"column":null}}]},"1":{"loc":{"start":{"line":26,"column":9},"end":{"line":26,"column":null}},"type":"binary-expr","locations":[{"start":{"line":26,"column":9},"end":{"line":26,"column":23}},{"start":{"line":26,"column":23},"end":{"line":26,"column":null}}]}},"s":{"0":6,"1":1,"2":1,"3":6,"4":60,"5":1},"f":{"0":6,"1":60},"b":{"0":[1,5],"1":[6,1]}}
,"C:\\my_blog_site\\app\\components\\background_animation.tsx": {"path":"C:\\my_blog_site\\app\\components\\background_animation.tsx","statementMap":{"0":{"start":{"line":60,"column":0},"end":{"line":60,"column":15}},"1":{"start":{"line":1,"column":27},"end":{"line":58,"column":null}},"2":{"start":{"line":26,"column":28},"end":{"line":26,"column":53}},"3":{"start":{"line":27,"column":31},"end":{"line":27,"column":58}},"4":{"start":{"line":28,"column":27},"end":{"line":28,"column":51}},"5":{"start":{"line":29,"column":24},"end":{"line":29,"column":43}},"6":{"start":{"line":32,"column":24},"end":{"line":32,"column":51}},"7":{"start":{"line":33,"column":27},"end":{"line":33,"column":53}},"8":{"start":{"line":34,"column":24},"end":{"line":34,"column":null}},"9":{"start":{"line":35,"column":24},"end":{"line":35,"column":null}},"10":{"start":{"line":37,"column":10},"end":{"line":39,"column":null}},"11":{"start":{"line":60,"column":15},"end":{"line":60,"column":null}}},"fnMap":{"0":{"name":"(anonymous_1)","decl":{"start":{"line":1,"column":27},"end":{"line":1,"column":null}},"loc":{"start":{"line":1,"column":27},"end":{"line":58,"column":null}}},"1":{"name":"(anonymous_2)","decl":{"start":{"line":25,"column":29},"end":{"line":25,"column":30}},"loc":{"start":{"line":25,"column":33},"end":{"line":54,"column":null}}}},"branchMap":{},"s":{"0":10,"1":1,"2":1500,"3":1500,"4":1500,"5":1500,"6":1500,"7":1500,"8":1500,"9":1500,"10":1500,"11":1},"f":{"0":10,"1":1500},"b":{}}
,"C:\\my_blog_site\\app\\components\\sound.tsx": {"path":"C:\\my_blog_site\\app\\components\\sound.tsx","statementMap":{"0":{"start":{"line":76,"column":0},"end":{"line":76,"column":15}},"1":{"start":{"line":2,"column":51},"end":{"line":2,"column":null}},"2":{"start":{"line":9,"column":14},"end":{"line":74,"column":null}},"3":{"start":{"line":10,"column":48},"end":{"line":10,"column":null}},"4":{"start":{"line":11,"column":21},"end":{"line":11,"column":null}},"5":{"start":{"line":13,"column":34},"end":{"line":19,"column":null}},"6":{"start":{"line":14,"column":8},"end":{"line":14,"column":null}},"7":{"start":{"line":15,"column":8},"end":{"line":18,"column":null}},"8":{"start":{"line":16,"column":12},"end":{"line":17,"column":null}},"9":{"start":{"line":17,"column":32},"end":{"line":17,"column":null}},"10":{"start":{"line":35,"column":4},"end":{"line":46,"column":null}},"11":{"start":{"line":36,"column":8},"end":{"line":45,"column":null}},"12":{"start":{"line":37,"column":12},"end":{"line":39,"column":null}},"13":{"start":{"line":38,"column":16},"end":{"line":38,"column":null}},"14":{"start":{"line":41,"column":12},"end":{"line":44,"column":null}},"15":{"start":{"line":42,"column":16},"end":{"line":42,"column":null}},"16":{"start":{"line":43,"column":16},"end":{"line":43,"column":null}},"17":{"start":{"line":76,"column":15},"end":{"line":76,"column":null}}},"fnMap":{"0":{"name":"(anonymous_4)","decl":{"start":{"line":9,"column":14},"end":{"line":9,"column":null}},"loc":{"start":{"line":9,"column":14},"end":{"line":74,"column":null}}},"1":{"name":"(anonymous_5)","decl":{"start":{"line":13,"column":34},"end":{"line":13,"column":null}},"loc":{"start":{"line":13,"column":34},"end":{"line":19,"column":null}}},"2":{"name":"(anonymous_6)","decl":{"start":{"line":17,"column":23},"end":{"line":17,"column":32}},"loc":{"start":{"line":17,"column":32},"end":{"line":17,"column":null}}},"3":{"name":"(anonymous_7)","decl":{"start":{"line":35,"column":14},"end":{"line":35,"column":null}},"loc":{"start":{"line":35,"column":14},"end":{"line":46,"column":7}}},"4":{"name":"(anonymous_8)","decl":{"start":{"line":37,"column":60},"end":{"line":37,"column":null}},"loc":{"start":{"line":37,"column":60},"end":{"line":39,"column":null}}},"5":{"name":"(anonymous_9)","decl":{"start":{"line":41,"column":55},"end":{"line":41,"column":56}},"loc":{"start":{"line":41,"column":56},"end":{"line":44,"column":null}}}},"branchMap":{"0":{"loc":{"start":{"line":15,"column":8},"end":{"line":18,"column":null}},"type":"if","locations":[{"start":{"line":15,"column":8},"end":{"line":18,"column":null}},{"start":{},"end":{}}]},"1":{"loc":{"start":{"line":36,"column":8},"end":{"line":45,"column":null}},"type":"if","locations":[{"start":{"line":36,"column":8},"end":{"line":45,"column":null}},{"start":{},"end":{}}]},"2":{"loc":{"start":{"line":62,"column":1},"end":{"line":62,"column":null}},"type":"binary-expr","locations":[{"start":{"line":62,"column":1},"end":{"line":62,"column":null}}]}},"s":{"0":8,"1":1,"2":1,"3":10,"4":10,"5":10,"6":2,"7":2,"8":2,"9":0,"10":10,"11":8,"12":8,"13":0,"14":8,"15":0,"16":0,"17":1},"f":{"0":10,"1":2,"2":0,"3":8,"4":0,"5":0},"b":{"0":[2,0],"1":[8,0],"2":[10]}}
}
