TN:
SF:app\layout.tsx
FN:16,RootLayout
FNF:1
FNH:0
FNDA:0,RootLayout
DA:2,0
DA:3,0
DA:5,0
DA:11,0
DA:16,0
LF:5
LH:0
BRF:0
BRH:0
end_of_record
TN:
SF:app\page.tsx
FN:8,Page
FNF:1
FNH:0
FNDA:0,Page
DA:2,0
DA:3,0
DA:4,0
DA:5,0
DA:6,0
DA:8,0
LF:6
LH:0
BRF:0
BRH:0
end_of_record
TN:
SF:app\article\[article_id]\article_footer.tsx
FN:4,(anonymous_2)
FNF:1
FNH:0
FNDA:0,(anonymous_2)
DA:1,0
DA:2,0
DA:4,0
DA:26,0
LF:4
LH:0
BRF:0
BRH:0
end_of_record
TN:
SF:app\article\[article_id]\article_format.tsx
FN:11,(anonymous_2)
FN:44,(anonymous_3)
FNF:2
FNH:0
FNDA:0,(anonymous_2)
FNDA:0,(anonymous_3)
DA:1,0
DA:11,0
DA:45,0
DA:65,0
LF:4
LH:0
BRDA:48,0,0,0
BRDA:48,0,1,0
BRDA:50,1,0,0
BRDA:50,1,1,0
BRDA:54,2,0,0
BRDA:54,2,1,0
BRF:6
BRH:0
end_of_record
TN:
SF:app\article\[article_id]\article_nav.tsx
FN:4,(anonymous_2)
FNF:1
FNH:0
FNDA:0,(anonymous_2)
DA:1,0
DA:2,0
DA:4,0
DA:29,0
LF:4
LH:0
BRF:0
BRH:0
end_of_record
TN:
SF:app\article\[article_id]\articlepage_footer.tsx
FN:1,(anonymous_1)
FNF:1
FNH:0
FNDA:0,(anonymous_1)
DA:1,0
DA:19,0
LF:2
LH:0
BRF:0
BRH:0
end_of_record
TN:
SF:app\article\[article_id]\page.tsx
FN:12,(anonymous_2)
FN:17,(anonymous_3)
FNF:2
FNH:0
FNDA:0,(anonymous_2)
FNDA:0,(anonymous_3)
DA:2,0
DA:3,0
DA:4,0
DA:5,0
DA:7,0
DA:8,0
DA:9,0
DA:10,0
DA:12,0
DA:14,0
DA:17,0
DA:24,0
DA:64,0
DA:73,0
DA:112,0
LF:15
LH:0
BRDA:64,0,0,0
BRDA:64,0,1,0
BRF:2
BRH:0
end_of_record
TN:
SF:app\components\BlogPostsSection.tsx
FN:4,(anonymous_2)
FNF:1
FNH:1
FNDA:15,(anonymous_2)
DA:1,1
DA:2,1
DA:4,1
DA:160,15
LF:4
LH:4
BRF:0
BRH:0
end_of_record
TN:
SF:app\components\Homepage_footer.tsx
FN:1,(anonymous_1)
FNF:1
FNH:1
FNDA:4,(anonymous_1)
DA:1,1
DA:19,4
LF:2
LH:2
BRF:0
BRH:0
end_of_record
TN:
SF:app\components\Homepage_header.tsx
FN:9,(anonymous_2)
FN:30,(anonymous_3)
FNF:2
FNH:2
FNDA:6,(anonymous_2)
FNDA:60,(anonymous_3)
DA:2,1
DA:9,1
DA:10,6
DA:31,60
DA:43,6
LF:5
LH:5
BRDA:10,0,0,1
BRDA:10,0,1,5
BRDA:26,1,0,6
BRDA:26,1,1,1
BRF:4
BRH:4
end_of_record
TN:
SF:app\components\background_animation.tsx
FN:1,(anonymous_1)
FN:25,(anonymous_2)
FNF:2
FNH:2
FNDA:10,(anonymous_1)
FNDA:1500,(anonymous_2)
DA:1,1
DA:26,1500
DA:27,1500
DA:28,1500
DA:29,1500
DA:32,1500
DA:33,1500
DA:34,1500
DA:35,1500
DA:37,1500
DA:60,10
LF:11
LH:11
BRF:0
BRH:0
end_of_record
TN:
SF:app\components\sound.tsx
FN:9,(anonymous_4)
FN:13,(anonymous_5)
FN:17,(anonymous_6)
FN:35,(anonymous_7)
FN:37,(anonymous_8)
FN:41,(anonymous_9)
FNF:6
FNH:3
FNDA:10,(anonymous_4)
FNDA:2,(anonymous_5)
FNDA:0,(anonymous_6)
FNDA:8,(anonymous_7)
FNDA:0,(anonymous_8)
FNDA:0,(anonymous_9)
DA:2,1
DA:9,1
DA:10,10
DA:11,10
DA:13,10
DA:14,2
DA:15,2
DA:16,2
DA:17,0
DA:35,10
DA:36,8
DA:37,8
DA:38,0
DA:41,8
DA:42,0
DA:43,0
DA:76,8
LF:17
LH:13
BRDA:15,0,0,2
BRDA:15,0,1,0
BRDA:36,1,0,8
BRDA:36,1,1,0
BRDA:62,2,0,10
BRF:5
BRH:3
end_of_record
